Performing C SOURCE FILE Test CMAKE_HAVE_LIBC_PTHREAD failed with the following output:
Change Dir: /home/eldar/ros_workspace/src/robot_server/cmake-build-debug/CMakeFiles/CMakeTmp

Run Build Command(s):/usr/bin/make cmTC_09263/fast && /usr/bin/make -f CMakeFiles/cmTC_09263.dir/build.make CMakeFiles/cmTC_09263.dir/build
make[1]: вход в каталог «/home/eldar/ros_workspace/src/robot_server/cmake-build-debug/CMakeFiles/CMakeTmp»
Building C object CMakeFiles/cmTC_09263.dir/src.c.o
/usr/bin/cc   -DCMAKE_HAVE_LIBC_PTHREAD   -o CMakeFiles/cmTC_09263.dir/src.c.o   -c /home/eldar/ros_workspace/src/robot_server/cmake-build-debug/CMakeFiles/CMakeTmp/src.c
Linking C executable cmTC_09263
/snap/clion/98/bin/cmake/linux/bin/cmake -E cmake_link_script CMakeFiles/cmTC_09263.dir/link.txt --verbose=1
/usr/bin/cc  -DCMAKE_HAVE_LIBC_PTHREAD    -rdynamic CMakeFiles/cmTC_09263.dir/src.c.o  -o cmTC_09263 
CMakeFiles/cmTC_09263.dir/src.c.o: In function `main':
src.c:(.text+0x3e): undefined reference to `pthread_create'
src.c:(.text+0x4a): undefined reference to `pthread_detach'
src.c:(.text+0x5b): undefined reference to `pthread_join'
src.c:(.text+0x6f): undefined reference to `pthread_atfork'
collect2: error: ld returned 1 exit status
CMakeFiles/cmTC_09263.dir/build.make:86: recipe for target 'cmTC_09263' failed
make[1]: *** [cmTC_09263] Error 1
make[1]: выход из каталога «/home/eldar/ros_workspace/src/robot_server/cmake-build-debug/CMakeFiles/CMakeTmp»
Makefile:121: recipe for target 'cmTC_09263/fast' failed
make: *** [cmTC_09263/fast] Error 2


Source file was:
#include <pthread.h>

void* test_func(void* data)
{
  return data;
}

int main(void)
{
  pthread_t thread;
  pthread_create(&thread, NULL, test_func, NULL);
  pthread_detach(thread);
  pthread_join(thread, NULL);
  pthread_atfork(NULL, NULL, NULL);
  pthread_exit(NULL);

  return 0;
}

Determining if the function pthread_create exists in the pthreads failed with the following output:
Change Dir: /home/eldar/ros_workspace/src/robot_server/cmake-build-debug/CMakeFiles/CMakeTmp

Run Build Command(s):/usr/bin/make cmTC_7d0b3/fast && /usr/bin/make -f CMakeFiles/cmTC_7d0b3.dir/build.make CMakeFiles/cmTC_7d0b3.dir/build
make[1]: вход в каталог «/home/eldar/ros_workspace/src/robot_server/cmake-build-debug/CMakeFiles/CMakeTmp»
Building C object CMakeFiles/cmTC_7d0b3.dir/CheckFunctionExists.c.o
/usr/bin/cc   -DCHECK_FUNCTION_EXISTS=pthread_create   -o CMakeFiles/cmTC_7d0b3.dir/CheckFunctionExists.c.o   -c /snap/clion/98/bin/cmake/linux/share/cmake-3.15/Modules/CheckFunctionExists.c
Linking C executable cmTC_7d0b3
/snap/clion/98/bin/cmake/linux/bin/cmake -E cmake_link_script CMakeFiles/cmTC_7d0b3.dir/link.txt --verbose=1
/usr/bin/cc  -DCHECK_FUNCTION_EXISTS=pthread_create    -rdynamic CMakeFiles/cmTC_7d0b3.dir/CheckFunctionExists.c.o  -o cmTC_7d0b3 -lpthreads 
/usr/bin/ld: cannot find -lpthreads
collect2: error: ld returned 1 exit status
CMakeFiles/cmTC_7d0b3.dir/build.make:86: recipe for target 'cmTC_7d0b3' failed
make[1]: *** [cmTC_7d0b3] Error 1
make[1]: выход из каталога «/home/eldar/ros_workspace/src/robot_server/cmake-build-debug/CMakeFiles/CMakeTmp»
Makefile:121: recipe for target 'cmTC_7d0b3/fast' failed
make: *** [cmTC_7d0b3/fast] Error 2



